Arguments: 
  /home/aokiji-zz/.nvm/versions/node/v14.19.0/bin/node /home/aokiji-zz/.nvm/versions/node/v14.19.0/bin/yarn add @types/readline

PATH: 
  /home/aokiji-zz/.nvm/versions/node/v14.19.0/bin:/home/aokiji-zz/.cargo/bin:/usr/local/sbin:/usr/local/bin:/usr/sbin:/usr/bin:/sbin:/bin:/usr/games:/usr/local/games:/snap/bin

Yarn version: 
  1.22.17

Node version: 
  14.19.0

Platform: 
  linux x64

Trace: 
  Error: https://registry.yarnpkg.com/@types%2freadline: Not found
      at Request.params.callback [as _callback] (/home/aokiji-zz/.nvm/versions/node/v14.19.0/lib/node_modules/yarn/lib/cli.js:67029:18)
      at Request.self.callback (/home/aokiji-zz/.nvm/versions/node/v14.19.0/lib/node_modules/yarn/lib/cli.js:140883:22)
      at Request.emit (events.js:400:28)
      at Request.<anonymous> (/home/aokiji-zz/.nvm/versions/node/v14.19.0/lib/node_modules/yarn/lib/cli.js:141855:10)
      at Request.emit (events.js:400:28)
      at IncomingMessage.<anonymous> (/home/aokiji-zz/.nvm/versions/node/v14.19.0/lib/node_modules/yarn/lib/cli.js:141777:12)
      at Object.onceWrapper (events.js:519:28)
      at IncomingMessage.emit (events.js:412:35)
      at endReadableNT (internal/streams/readable.js:1334:12)
      at processTicksAndRejections (internal/process/task_queues.js:82:21)

npm manifest: 
  {
    "dependencies": {
      "dotenv": "^16.0.1",
      "readline": "^1.3.0"
    }
  }

yarn manifest: 
  No manifest

Lockfile: 
  # THIS IS AN AUTOGENERATED FILE. DO NOT EDIT THIS FILE DIRECTLY.
  # yarn lockfile v1
  
  
  dotenv@^16.0.1:
    version "16.0.1"
    resolved "https://registry.yarnpkg.com/dotenv/-/dotenv-16.0.1.tgz#8f8f9d94876c35dac989876a5d3a82a267fdce1d"
    integrity sha512-1K6hR6wtk2FviQ4kEiSjFiH5rpzEVi8WW0x96aztHVMhEspNpc4DVOUTEHtEva5VThQ8IaBX1Pe4gSzpVVUsKQ==
  
  readline@^1.3.0:
    version "1.3.0"
    resolved "https://registry.yarnpkg.com/readline/-/readline-1.3.0.tgz#c580d77ef2cfc8752b132498060dc9793a7ac01c"
    integrity sha1-xYDXfvLPyHUrEySYBg3JeTp6wBw=
